{
    "Pickup": {
        "PickupAddress": {
            "Line1": "Test Consignee Address Line1",
            "Line2": "Test Consignee Address Line2",
            "Line3": "Test Consignee Address Line3",
            "City": "Dubai",
            "StateOrProvinceCode": "FU",
            "PostCode": null,
            "CountryCode": "AE",
            "longitude": null,
            "latitude": null,
            "buildingNumber": null,
            "buildingName": null,
            "floor": null,
            "apartment": null,
            "poBox": null,
            "description": null
        },
        "PickupContact": {
            "department": null,
            "PersonName": "Test Consignee Name",
            "Title": null,
            "CompanyName": "Test Consignee Company Name",
            "PhoneNumber1": "048707766",
            "phoneNumber1Ext": null,
            "PhoneNumber2": null,
            "phoneNumber2Ext": null,
            "faxNumber": null,
            "CellPhone": "971556893100",
            "emailAddress": "tets@hotmail.com",
            "Type": null
        },
        "PickupLocation": "test location",
        "PickupDate": "\/Date(1720650257000)\/",
        "ReadyTime": "\/Date(1720650257000)\/",
        "LastPickupTime": "\/Date(1720650257000)\/",
        "ClosingTime": "\/Date(1720650257000)\/",
        "Comments": "test comment",
        "Reference1": "001",
        "Reference2": "002",
        "Vehicle": "test vehicle",
        "Shipments": "test shipment",
        "PickupItems": [
            {
                "ProductGroup": 1,
                "ProductType": 1,
                "NumberOfShipments": "kg",
                "PackageType": "Food",
                "Payment": "P",
                "ShipmentWeight": {
                    "Unit": "KG",
                    "Value": 10
                },
                "ShipmentVolume": 0.5,
                "NumberOfPieces": 1,
                "CashAmount": 0.5,
                "ExtraCharges": 0.5,
                "ShipmentDimensions": {
                    "Length": 0,
                    "Width": 0,
                    "Height": 0,
                    "Unit": "CM"
                },
                "Comments": "Airway Bill Number:44097846262"
            }
        ],
        "Status": "Ready",
        "ExistingShipments": "test existing shipment",
        "Branch": "test branch",
        "RouteCode": "test route code"
    },
    "ClientInfo": {
        "UserName": "testingapi@aramex.com",
        "Password": "R123456789$r",
        "Version": "v1.0",
        "AccountNumber": "45796",
        "AccountPin": "116216",
        "AccountEntity": "DXB",
        "AccountCountryCode": "AE",
        "source": 24,
        "preferredLanguageCode": null
    },
    "Transaction": {
        "Reference1": ""
    }
}